<?xml version="1.0" encoding="UTF-8"?>
<!-- Generated by org.testng.reporters.JUnitXMLReporter -->
<testsuite hostname="DESKTOP-U63PT7Q" ignored="0" name="UserTest" tests="4" failures="0" timestamp="2023-05-27T11:41:40 IST" time="36.303" errors="0">
  <testcase name="testPostUser" time="16.527" classname="org.Test.UserTests"/>
  <testcase name="testGetUser" time="7.242" classname="org.Test.UserTests"/>
  <testcase name="updateUser" time="2.984" classname="org.Test.UserTests"/>
  <testcase name="deleteUser" time="7.394" classname="org.Test.UserTests"/>
</testsuite> <!-- UserTest -->
