<?xml version="1.0" encoding="UTF-8"?>
<!-- Generated by org.testng.reporters.JUnitXMLReporter -->
<testsuite hostname="DESKTOP-U63PT7Q" ignored="0" name="Default test" tests="8" failures="0" timestamp="2023-05-27T19:29:47 IST" time="42.994" errors="0">
  <testcase name="testPostUser" time="14.881" classname="org.Test.DataDrivenTests"/>
  <testcase name="testPostUser" time="2.33" classname="org.Test.DataDrivenTests"/>
  <testcase name="testPostUser" time="2.346" classname="org.Test.DataDrivenTests"/>
  <testcase name="testPostUser" time="3.254" classname="org.Test.DataDrivenTests"/>
  <testcase name="deleteUserByUserName" time="3.11" classname="org.Test.DataDrivenTests"/>
  <testcase name="deleteUserByUserName" time="2.564" classname="org.Test.DataDrivenTests"/>
  <testcase name="deleteUserByUserName" time="2.536" classname="org.Test.DataDrivenTests"/>
  <testcase name="deleteUserByUserName" time="1.752" classname="org.Test.DataDrivenTests"/>
</testsuite> <!-- Default test -->
