<?xml version="1.0" encoding="UTF-8"?>
<!-- Generated by org.testng.reporters.JUnitXMLReporter -->
<testsuite hostname="DESKTOP-U63PT7Q" ignored="0" name="DatadrivenTest" tests="4" failures="0" timestamp="2023-05-27T22:26:52 IST" time="23.137" errors="0">
  <testcase name="testPostUser" time="15.324" classname="org.Test.UserTests"/>
  <testcase name="testGetUser" time="1.437" classname="org.Test.UserTests"/>
  <testcase name="updateUser" time="2.391" classname="org.Test.UserTests"/>
  <testcase name="deleteUser" time="1.157" classname="org.Test.UserTests"/>
</testsuite> <!-- DatadrivenTest -->
