<?xml version="1.0" encoding="UTF-8"?>
<testng-results skipped="0" failed="0" ignored="0" total="4" passed="4">
  <reporter-output>
  </reporter-output>
  <suite name="DataDriven" duration-ms="23137" started-at="2023-05-27T22:26:29 IST" finished-at="2023-05-27T22:26:52 IST">
    <groups>
    </groups>
    <test name="DatadrivenTest" duration-ms="23137" started-at="2023-05-27T22:26:29 IST" finished-at="2023-05-27T22:26:52 IST">
      <class name="org.Test.UserTests">
        <test-method status="PASS" signature="setUpData()[pri:0, instance:org.Test.UserTests@4493d195]" name="setUpData" is-config="true" duration-ms="1750" started-at="2023-05-27T22:26:29 IST" finished-at="2023-05-27T22:26:31 IST">
          <reporter-output>
          </reporter-output>
        </test-method> <!-- setUpData -->
        <test-method status="PASS" signature="testPostUser()[pri:1, instance:org.Test.UserTests@4493d195]" name="testPostUser" duration-ms="15324" started-at="2023-05-27T22:26:31 IST" finished-at="2023-05-27T22:26:47 IST">
          <reporter-output>
          </reporter-output>
        </test-method> <!-- testPostUser -->
        <test-method status="PASS" signature="testGetUser()[pri:2, instance:org.Test.UserTests@4493d195]" name="testGetUser" duration-ms="1437" started-at="2023-05-27T22:26:47 IST" finished-at="2023-05-27T22:26:48 IST">
          <reporter-output>
          </reporter-output>
        </test-method> <!-- testGetUser -->
        <test-method status="PASS" signature="updateUser()[pri:3, instance:org.Test.UserTests@4493d195]" name="updateUser" duration-ms="2391" started-at="2023-05-27T22:26:48 IST" finished-at="2023-05-27T22:26:51 IST">
          <reporter-output>
          </reporter-output>
        </test-method> <!-- updateUser -->
        <test-method status="PASS" signature="deleteUser()[pri:4, instance:org.Test.UserTests@4493d195]" name="deleteUser" duration-ms="1157" started-at="2023-05-27T22:26:51 IST" finished-at="2023-05-27T22:26:52 IST">
          <reporter-output>
          </reporter-output>
        </test-method> <!-- deleteUser -->
      </class> <!-- org.Test.UserTests -->
    </test> <!-- DatadrivenTest -->
  </suite> <!-- DataDriven -->
</testng-results>
