<?xml version="1.0" encoding="UTF-8"?>
<!-- Generated by org.testng.reporters.JUnitXMLReporter -->
<testsuite hostname="DESKTOP-U63PT7Q" ignored="0" name="DatadrivenTest" tests="4" failures="0" timestamp="2023-05-27T20:10:36 IST" time="19.921" errors="0">
  <testcase name="testPostUser" time="12.155" classname="org.Test.UserTests"/>
  <testcase name="testGetUser" time="1.415" classname="org.Test.UserTests"/>
  <testcase name="updateUser" time="2.495" classname="org.Test.UserTests"/>
  <testcase name="deleteUser" time="1.178" classname="org.Test.UserTests"/>
</testsuite> <!-- DatadrivenTest -->
